2024-04-15 11:38:45,275 - ERROR - An error occurred during processing: 'int' object has no attribute 'lower'
2024-04-15 11:41:04,775 - INFO - New City Created with the deatils- name=nan, Mapped State ID=24, Remapped Country ID=US.
2024-04-15 11:41:05,966 - INFO - New City Created with the deatils- name=nan, Mapped State ID=22, Remapped Country ID=US.
2024-04-15 11:41:07,182 - INFO - New City Created with the deatils- name=Sidney, Mapped State ID=34, Remapped Country ID=US.
2024-04-15 11:41:08,374 - INFO - New City Created with the deatils- name=nan, Mapped State ID=26, Remapped Country ID=US.
2024-04-15 11:41:09,659 - INFO - New City Created with the deatils- name=Union, Mapped State ID=32, Remapped Country ID=US.
2024-04-15 11:41:10,864 - INFO - New City Created with the deatils- name=Union, Mapped State ID=42, Remapped Country ID=US.
2024-04-15 11:41:12,081 - INFO - New City Created with the deatils- name=Union, Mapped State ID=44, Remapped Country ID=US.
2024-04-15 11:41:13,312 - INFO - New City Created with the deatils- name=Union, Mapped State ID=47, Remapped Country ID=US.
2024-04-15 11:41:14,466 - INFO - New City Created with the deatils- name=Union City, Mapped State ID=17, Remapped Country ID=US.
2024-04-15 11:41:15,572 - INFO - New City Created with the deatils- name=Union City, Mapped State ID=21, Remapped Country ID=US.
2024-04-15 11:41:16,774 - INFO - New City Created with the deatils- name=Union City, Mapped State ID=49, Remapped Country ID=US.
2024-04-15 11:41:17,974 - INFO - New City Created with the deatils- name=Universal City, Mapped State ID=50, Remapped Country ID=US.
2024-04-15 11:41:19,382 - INFO - New City Created with the deatils- name=University Heights, Mapped State ID=42, Remapped Country ID=US.
2024-04-15 11:41:20,788 - INFO - New City Created with the deatils- name=University Park, Mapped State ID=50, Remapped Country ID=US.
2024-04-15 11:41:22,131 - INFO - New City Created with the deatils- name=nan, Mapped State ID=37, Remapped Country ID=US.
2024-04-15 11:41:23,514 - INFO - New City Created with the deatils- name=Van Buren, Mapped State ID=32, Remapped Country ID=US.
2024-04-15 11:41:24,778 - INFO - New City Created with the deatils- name=Venice, Mapped State ID=20, Remapped Country ID=US.
2024-04-15 11:41:25,965 - INFO - New City Created with the deatils- name=Victor, Mapped State ID=19, Remapped Country ID=US.
2024-04-15 11:41:27,158 - INFO - New City Created with the deatils- name=Vienna, Mapped State ID=20, Remapped Country ID=US.
2024-04-15 11:41:28,354 - INFO - New City Created with the deatils- name=Vienna, Mapped State ID=32, Remapped Country ID=US.
2024-04-15 11:41:30,146 - INFO - New City Created with the deatils- name=Vienna, Mapped State ID=55, Remapped Country ID=US.
2024-04-15 11:41:31,271 - INFO - New City Created with the deatils- name=Virginia, Mapped State ID=30, Remapped Country ID=US.
2024-04-15 11:41:32,473 - INFO - New City Created with the deatils- name=Wallace, Mapped State ID=23, Remapped Country ID=US.
2024-04-15 11:41:33,674 - INFO - New City Created with the deatils- name=Oakdale, Mapped State ID=30, Remapped Country ID=US.
2024-04-15 11:41:34,874 - INFO - New City Created with the deatils- name=Warrenton, Mapped State ID=32, Remapped Country ID=US.
2024-04-15 11:41:36,073 - INFO - New City Created with the deatils- name=nan, Mapped State ID=47, Remapped Country ID=US.
2024-04-15 11:41:37,445 - INFO - New City Created with the deatils- name=Warrenton, Mapped State ID=44, Remapped Country ID=US.
2024-04-15 11:41:38,669 - INFO - New City Created with the deatils- name=Warsaw, Mapped State ID=21, Remapped Country ID=US.
2024-04-15 11:41:39,977 - INFO - New City Created with the deatils- name=Warsaw, Mapped State ID=24, Remapped Country ID=US.
2024-04-15 11:41:41,178 - INFO - New City Created with the deatils- name=Warsaw, Mapped State ID=32, Remapped Country ID=US.
2024-04-15 11:41:42,379 - INFO - New City Created with the deatils- name=Lincoln, Mapped State ID=20, Remapped Country ID=US.
2024-04-15 11:41:43,585 - INFO - New City Created with the deatils- name=Washington, Mapped State ID=17, Remapped Country ID=US.
2024-04-15 11:41:44,785 - INFO - New City Created with the deatils- name=Washington, Mapped State ID=20, Remapped Country ID=US.
2024-04-15 11:41:45,976 - INFO - New City Created with the deatils- name=Washington, Mapped State ID=21, Remapped Country ID=US.
2024-04-15 11:41:47,246 - INFO - New City Created with the deatils- name=Washington, Mapped State ID=22, Remapped Country ID=US.
2024-04-15 11:41:48,461 - INFO - New City Created with the deatils- name=Washington, Mapped State ID=23, Remapped Country ID=US.
2024-04-15 11:41:49,678 - INFO - New City Created with the deatils- name=nan, Mapped State ID=45, Remapped Country ID=US.
2024-04-15 11:41:50,958 - INFO - New City Created with the deatils- name=Washington, Mapped State ID=32, Remapped Country ID=US.
2024-04-15 11:41:52,181 - INFO - New City Created with the deatils- name=Washington, Mapped State ID=40, Remapped Country ID=US.
2024-04-15 11:41:53,370 - INFO - New City Created with the deatils- name=Washington, Mapped State ID=45, Remapped Country ID=US.
2024-04-15 11:41:54,768 - INFO - New City Created with the deatils- name=Washington, Mapped State ID=51, Remapped Country ID=US.
2024-04-15 11:41:55,977 - INFO - New City Created with the deatils- name=Waterville, Mapped State ID=23, Remapped Country ID=US.
2024-04-15 11:41:57,194 - INFO - New City Created with the deatils- name=Waterville, Mapped State ID=26, Remapped Country ID=US.
2024-04-15 11:41:58,370 - INFO - New City Created with the deatils- name=Waterville, Mapped State ID=42, Remapped Country ID=US.
2024-04-15 11:42:00,147 - INFO - New City Created with the deatils- name=Orange City, Mapped State ID=22, Remapped Country ID=US.
2024-04-15 11:42:01,386 - INFO - New City Created with the deatils- name=Kahoka, Mapped State ID=32, Remapped Country ID=US.
2024-04-15 11:42:02,658 - INFO - New City Created with the deatils- name=Waverly, Mapped State ID=22, Remapped Country ID=US.
2024-04-15 11:42:03,894 - INFO - New City Created with the deatils- name=Alpine, Mapped State ID=50, Remapped Country ID=US.
2024-04-15 11:42:05,346 - INFO - New City Created with the deatils- name=Waverly, Mapped State ID=23, Remapped Country ID=US.
2024-04-15 11:42:06,591 - INFO - New City Created with the deatils- name=Waverly, Mapped State ID=24, Remapped Country ID=US.
2024-04-15 11:42:07,781 - INFO - New City Created with the deatils- name=Waverly, Mapped State ID=30, Remapped Country ID=US.
2024-04-15 11:42:08,976 - INFO - New City Created with the deatils- name=Waverly, Mapped State ID=32, Remapped Country ID=US.
2024-04-15 11:42:10,178 - INFO - New City Created with the deatils- name=Waverly, Mapped State ID=42, Remapped Country ID=US.
2024-04-15 11:42:11,383 - INFO - New City Created with the deatils- name=Waverly, Mapped State ID=49, Remapped Country ID=US.
2024-04-15 11:42:12,573 - INFO - New City Created with the deatils- name=Shenandoah, Mapped State ID=50, Remapped Country ID=US.
2024-04-15 11:42:13,782 - INFO - New City Created with the deatils- name=Berea, Mapped State ID=42, Remapped Country ID=US.
2024-04-15 11:42:14,980 - INFO - New City Created with the deatils- name=Berryville, Mapped State ID=10, Remapped Country ID=US.
2024-04-15 11:42:16,290 - INFO - New City Created with the deatils- name=Bloomington, Mapped State ID=20, Remapped Country ID=US.
2024-04-15 11:42:17,580 - INFO - New City Created with the deatils- name=Marysville , Mapped State ID=54, Remapped Country ID=US.
2024-04-15 11:42:18,773 - INFO - New City Created with the deatils- name=Bloomington, Mapped State ID=30, Remapped Country ID=US.
2024-04-15 11:42:19,963 - INFO - New City Created with the deatils- name=Booneville, Mapped State ID=24, Remapped Country ID=US.
2024-04-15 11:42:21,182 - INFO - New City Created with the deatils- name=Booneville, Mapped State ID=31, Remapped Country ID=US.
2024-04-15 11:42:22,378 - INFO - New City Created with the deatils- name=Booneville, Mapped State ID=32, Remapped Country ID=US.
2024-04-15 11:42:23,564 - INFO - New City Created with the deatils- name=Boonville, Mapped State ID=21, Remapped Country ID=US.
2024-04-15 11:42:24,775 - INFO - New City Created with the deatils- name=Bristol, Mapped State ID=45, Remapped Country ID=US.
2024-04-15 11:42:26,068 - INFO - New City Created with the deatils- name=Bristol, Mapped State ID=49, Remapped Country ID=US.
2024-04-15 11:42:27,354 - INFO - New City Created with the deatils- name=Bristol, Mapped State ID=53, Remapped Country ID=US.
2024-04-15 11:42:28,560 - ERROR - Error creating City Bristol: 422 Client Error: Unprocessable Content for url: https://classification-dev.dom-non-prod.with.digital/api/cities
2024-04-15 11:42:30,458 - INFO - New City Created with the deatils- name=Marysville , Mapped State ID=11, Remapped Country ID=US.
2024-04-15 11:42:31,794 - INFO - New City Created with the deatils- name=Brookings, Mapped State ID=44, Remapped Country ID=US.
2024-04-15 11:42:32,956 - ERROR - Error creating City Buchanan: 422 Client Error: Unprocessable Content for url: https://classification-dev.dom-non-prod.with.digital/api/cities
2024-04-15 11:42:34,154 - ERROR - Error creating City Cadiz: 422 Client Error: Unprocessable Content for url: https://classification-dev.dom-non-prod.with.digital/api/cities
2024-04-15 11:42:35,380 - INFO - New City Created with the deatils- name=Carbondale, Mapped State ID=23, Remapped Country ID=US.
2024-04-15 11:42:36,668 - INFO - New City Created with the deatils- name=Carbondale, Mapped State ID=45, Remapped Country ID=US.
2024-04-15 11:42:37,875 - INFO - New City Created with the deatils- name=Carrara, Mapped State ID=75, Remapped Country ID=AU.
2024-04-15 11:42:39,081 - INFO - New City Created with the deatils- name=Centerville, Mapped State ID=42, Remapped Country ID=US.
2024-04-15 11:42:40,348 - INFO - New City Created with the deatils- name=Centerville, Mapped State ID=51, Remapped Country ID=US.
2024-04-15 11:42:41,577 - INFO - New City Created with the deatils- name=Charlestown, Mapped State ID=21, Remapped Country ID=US.
2024-04-15 11:42:42,775 - INFO - New City Created with the deatils- name=Charlestown, Mapped State ID=53, Remapped Country ID=US.
2024-04-15 11:42:43,976 - INFO - New City Created with the deatils- name=Marysville , Mapped State ID=23, Remapped Country ID=US.
2024-04-15 11:42:45,154 - ERROR - Error creating City Charlestown: 422 Client Error: Unprocessable Content for url: https://classification-dev.dom-non-prod.with.digital/api/cities
2024-04-15 11:42:46,345 - INFO - New City Created with the deatils- name=Chillicothe, Mapped State ID=20, Remapped Country ID=US.
2024-04-15 11:42:47,579 - INFO - New City Created with the deatils- name=Chillicothe, Mapped State ID=32, Remapped Country ID=US.
2024-04-15 11:42:48,785 - INFO - New City Created with the deatils- name=Clarkstone, Mapped State ID=17, Remapped Country ID=US.
2024-04-15 11:42:49,976 - INFO - New City Created with the deatils- name=Clarkstone, Mapped State ID=54, Remapped Country ID=US.
2024-04-15 11:42:51,197 - INFO - New City Created with the deatils- name=Clarksville, Mapped State ID=10, Remapped Country ID=US.
2024-04-15 11:42:52,861 - INFO - New City Created with the deatils- name=Clarksville, Mapped State ID=21, Remapped Country ID=US.
2024-04-15 11:42:54,081 - INFO - New City Created with the deatils- name=Clear Lake, Mapped State ID=11, Remapped Country ID=US.
2024-04-15 11:42:55,272 - INFO - New City Created with the deatils- name=Nazareth, Mapped State ID=50, Remapped Country ID=US.
2024-04-15 11:42:56,470 - INFO - New City Created with the deatils- name=New Albany, Mapped State ID=42, Remapped Country ID=US.
2024-04-15 11:42:57,669 - INFO - New City Created with the deatils- name=Maryville, Mapped State ID=49, Remapped Country ID=US.
2024-04-15 11:42:58,979 - INFO - New City Created with the deatils- name=New Albany, Mapped State ID=31, Remapped Country ID=US.
2024-04-15 11:43:00,366 - INFO - New City Created with the deatils- name=New Castle, Mapped State ID=45, Remapped Country ID=US.
2024-04-15 11:43:01,646 - INFO - New City Created with the deatils- name=Trinity, Mapped State ID=50, Remapped Country ID=US.
2024-04-15 11:43:02,873 - INFO - New City Created with the deatils- name=Troy, Mapped State ID=19, Remapped Country ID=US.
2024-04-15 11:43:04,082 - INFO - New City Created with the deatils- name=Troy, Mapped State ID=20, Remapped Country ID=US.
2024-04-15 11:43:05,473 - INFO - New City Created with the deatils- name=Troy, Mapped State ID=23, Remapped Country ID=US.
2024-04-15 11:43:06,781 - INFO - New City Created with the deatils- name=Troy, Mapped State ID=29, Remapped Country ID=US.
2024-04-15 11:43:07,982 - INFO - New City Created with the deatils- name=Troy, Mapped State ID=32, Remapped Country ID=US.
2024-04-15 11:43:09,177 - INFO - New City Created with the deatils- name=Mayville, Mapped State ID=41, Remapped Country ID=US.
2024-04-15 11:43:10,376 - INFO - New City Created with the deatils- name=Troy, Mapped State ID=33, Remapped Country ID=US.
2024-04-15 11:43:11,575 - INFO - New City Created with the deatils- name=Troy, Mapped State ID=39, Remapped Country ID=US.
2024-04-15 11:43:12,783 - INFO - New City Created with the deatils- name=Troy, Mapped State ID=42, Remapped Country ID=US.
2024-04-15 11:43:13,976 - INFO - New City Created with the deatils- name=Troy, Mapped State ID=48, Remapped Country ID=US.
2024-04-15 11:43:15,191 - INFO - New City Created with the deatils- name=Troy, Mapped State ID=50, Remapped Country ID=US.
2024-04-15 11:43:16,371 - INFO - New City Created with the deatils- name=Wheeling, Mapped State ID=55, Remapped Country ID=US.
2024-04-15 11:43:17,572 - INFO - New City Created with the deatils- name=White, Mapped State ID=48, Remapped Country ID=US.
2024-04-15 11:43:18,872 - INFO - New City Created with the deatils- name=Niles, Mapped State ID=42, Remapped Country ID=US.
2024-04-15 11:43:20,076 - INFO - New City Created with the deatils- name=White City, Mapped State ID=23, Remapped Country ID=US.
2024-04-15 11:43:21,279 - INFO - New City Created with the deatils- name=White City, Mapped State ID=24, Remapped Country ID=US.
2024-04-15 11:43:22,477 - INFO - New City Created with the deatils- name=Sidney, Mapped State ID=42, Remapped Country ID=US.
2024-04-15 11:43:23,680 - INFO - New City Created with the deatils- name=Sharpsville, Mapped State ID=21, Remapped Country ID=US.
2024-04-15 11:43:25,001 - INFO - New City Created with the deatils- name=White City, Mapped State ID=29, Remapped Country ID=US.
2024-04-15 11:43:26,192 - INFO - New City Created with the deatils- name=White City, Mapped State ID=31, Remapped Country ID=US.
2024-04-15 11:43:27,381 - INFO - New City Created with the deatils- name=White City, Mapped State ID=32, Remapped Country ID=US.
2024-04-15 11:43:28,575 - INFO - New City Created with the deatils- name=White City, Mapped State ID=33, Remapped Country ID=US.
2024-04-15 11:43:30,547 - INFO - New City Created with the deatils- name=White City, Mapped State ID=39, Remapped Country ID=US.
2024-04-15 11:43:31,809 - INFO - New City Created with the deatils- name=White City, Mapped State ID=50, Remapped Country ID=US.
2024-04-15 11:43:33,075 - INFO - New City Created with the deatils- name=White City, Mapped State ID=56, Remapped Country ID=US.
2024-04-15 11:43:34,279 - INFO - New City Created with the deatils- name=White Sulphur Springs, Mapped State ID=55, Remapped Country ID=US.
2024-04-15 11:43:35,482 - INFO - New City Created with the deatils- name=Otsego, Mapped State ID=30, Remapped Country ID=US.
2024-04-15 11:43:36,689 - INFO - New City Created with the deatils- name=Wayland, Mapped State ID=29, Remapped Country ID=US.
2024-04-15 11:43:38,888 - INFO - New City Created with the deatils- name=Scottsville, Mapped State ID=50, Remapped Country ID=US.
2024-04-15 11:43:40,180 - INFO - New City Created with the deatils- name=Wayland, Mapped State ID=32, Remapped Country ID=US.
2024-04-15 11:43:41,487 - INFO - New City Created with the deatils- name=Westwood, Mapped State ID=23, Remapped Country ID=US.
2024-04-15 11:43:42,675 - INFO - New City Created with the deatils- name=Williamstown, Mapped State ID=55, Remapped Country ID=US.
2024-04-15 11:43:43,971 - INFO - New City Created with the deatils- name=Wilson, Mapped State ID=14, Remapped Country ID=US.
2024-04-15 11:43:45,175 - INFO - New City Created with the deatils- name=Wilson, Mapped State ID=16, Remapped Country ID=US.
2024-04-15 11:43:46,386 - INFO - New City Created with the deatils- name=Wilson, Mapped State ID=23, Remapped Country ID=US.
2024-04-15 11:43:47,574 - INFO - New City Created with the deatils- name=Wilson, Mapped State ID=40, Remapped Country ID=US.
2024-04-15 11:43:48,874 - INFO - New City Created with the deatils- name=Wilson, Mapped State ID=50, Remapped Country ID=US.
2024-04-15 11:43:50,145 - INFO - New City Created with the deatils- name=Peru, Mapped State ID=21, Remapped Country ID=US.
2024-04-15 11:43:51,399 - INFO - New City Created with the deatils- name=Clinton, Mapped State ID=51, Remapped Country ID=US.
2024-04-15 11:43:52,571 - INFO - New City Created with the deatils- name=Ashland, Mapped State ID=42, Remapped Country ID=US.
2024-04-15 11:43:53,857 - INFO - New City Created with the deatils- name=College Park , Mapped State ID=17, Remapped Country ID=US.
2024-04-15 11:43:55,018 - ERROR - Error creating City Corinth: 422 Client Error: Unprocessable Content for url: https://classification-dev.dom-non-prod.with.digital/api/cities
2024-04-15 11:43:56,166 - INFO - New City Created with the deatils- name=Cornwall, Mapped State ID=69, Remapped Country ID=CA.
2024-04-15 11:43:57,370 - INFO - New City Created with the deatils- name=Cottage Grove, Mapped State ID=44, Remapped Country ID=US.
2024-04-15 11:43:58,587 - INFO - New City Created with the deatils- name=Crosby, Mapped State ID=41, Remapped Country ID=US.
2024-04-15 11:44:00,650 - INFO - New City Created with the deatils- name=Crystal City , Mapped State ID=50, Remapped Country ID=US.
2024-04-15 11:44:01,950 - INFO - New City Created with the deatils- name=Collinsville, Mapped State ID=43, Remapped Country ID=US.
2024-04-15 11:44:03,251 - INFO - New City Created with the deatils- name=Columbia, Mapped State ID=21, Remapped Country ID=US.
2024-04-15 11:44:04,574 - INFO - New City Created with the deatils- name=Columbia, Mapped State ID=44, Remapped Country ID=US.
2024-04-15 11:44:05,975 - INFO - New City Created with the deatils- name=Danville, Mapped State ID=20, Remapped Country ID=US.
2024-04-15 11:44:07,181 - INFO - New City Created with the deatils- name=Ashland, Mapped State ID=44, Remapped Country ID=US.
2024-04-15 11:44:08,447 - INFO - New City Created with the deatils- name=Danville, Mapped State ID=24, Remapped Country ID=US.
2024-04-15 11:44:09,679 - INFO - New City Created with the deatils- name=De Kalb, Mapped State ID=32, Remapped Country ID=US.
2024-04-15 11:44:10,972 - INFO - New City Created with the deatils- name=DeKalb, Mapped State ID=20, Remapped Country ID=US.
2024-04-15 11:44:12,188 - INFO - New City Created with the deatils- name=De Soto, Mapped State ID=32, Remapped Country ID=US.
2024-04-15 11:44:13,374 - INFO - New City Created with the deatils- name=DeSoto, Mapped State ID=50, Remapped Country ID=US.
2024-04-15 11:44:14,566 - INFO - New City Created with the deatils- name=DeSoto, Mapped State ID=78, Remapped Country ID=AU.
2024-04-15 11:44:15,787 - INFO - New City Created with the deatils- name=Delano, Mapped State ID=30, Remapped Country ID=US.
2024-04-15 11:44:16,982 - INFO - New City Created with the deatils- name=Delavan, Mapped State ID=20, Remapped Country ID=US.
2024-04-15 11:44:18,208 - INFO - New City Created with the deatils- name=Dublin, Mapped State ID=11, Remapped Country ID=US.
2024-04-15 11:44:19,779 - INFO - New City Created with the deatils- name=Dublin, Mapped State ID=17, Remapped Country ID=US.
2024-04-15 11:44:21,072 - INFO - New City Created with the deatils- name=Sherwood, Mapped State ID=44, Remapped Country ID=US.
2024-04-15 11:44:22,283 - INFO - New City Created with the deatils- name=Edgerton, Mapped State ID=30, Remapped Country ID=US.
2024-04-15 11:44:23,468 - INFO - New City Created with the deatils- name=Edgerton, Mapped State ID=56, Remapped Country ID=US.
2024-04-15 11:44:24,979 - INFO - New City Created with the deatils- name=El Dorado, Mapped State ID=20, Remapped Country ID=US.
2024-04-15 11:44:26,196 - INFO - New City Created with the deatils- name=nan, Mapped State ID=44, Remapped Country ID=US.
2024-04-15 11:44:27,375 - INFO - New City Created with the deatils- name=nan, Mapped State ID=39, Remapped Country ID=US.
2024-04-15 11:44:28,661 - INFO - New City Created with the deatils- name=nan, Mapped State ID=32, Remapped Country ID=US.
2024-04-15 11:44:30,460 - INFO - New City Created with the deatils- name=nan, Mapped State ID=23, Remapped Country ID=US.
2024-04-15 11:44:31,675 - INFO - New City Created with the deatils- name=Clay, Mapped State ID=24, Remapped Country ID=US.
2024-04-15 11:44:32,877 - INFO - New City Created with the deatils- name=Winfield, Mapped State ID=16, Remapped Country ID=US.
2024-04-15 11:44:34,101 - INFO - New City Created with the deatils- name=Winfield, Mapped State ID=22, Remapped Country ID=US.
2024-04-15 11:44:35,272 - INFO - New City Created with the deatils- name=Spencerville, Mapped State ID=21, Remapped Country ID=US.
2024-04-15 11:44:36,482 - INFO - New City Created with the deatils- name=Winfield, Mapped State ID=23, Remapped Country ID=US.
2024-04-15 11:44:37,866 - INFO - New City Created with the deatils- name=Winfield, Mapped State ID=32, Remapped Country ID=US.
2024-04-15 11:44:39,173 - INFO - New City Created with the deatils- name=Winfield, Mapped State ID=50, Remapped Country ID=US.
2024-04-15 11:44:40,446 - INFO - New City Created with the deatils- name=Winfield, Mapped State ID=55, Remapped Country ID=US.
2024-04-15 11:44:41,676 - INFO - New City Created with the deatils- name=Winthrop, Mapped State ID=22, Remapped Country ID=US.
2024-04-15 11:44:42,861 - INFO - New City Created with the deatils- name=Winthrop, Mapped State ID=30, Remapped Country ID=US.
2024-04-15 11:44:44,079 - INFO - New City Created with the deatils- name=Portage, Mapped State ID=21, Remapped Country ID=US.
2024-04-15 11:44:45,280 - INFO - New City Created with the deatils- name=Portage, Mapped State ID=29, Remapped Country ID=US.
2024-04-15 11:44:46,483 - INFO - New City Created with the deatils- name=Seaford, Mapped State ID=78, Remapped Country ID=AU.
2024-04-15 11:44:47,677 - INFO - New City Created with the deatils- name=Seaside, Mapped State ID=11, Remapped Country ID=US.
2024-04-15 11:44:48,874 - INFO - New City Created with the deatils- name=Slater , Mapped State ID=32, Remapped Country ID=US.
2024-04-15 11:44:50,075 - INFO - New City Created with the deatils- name=Dawson, Mapped State ID=22, Remapped Country ID=US.
2024-04-15 11:44:51,271 - INFO - New City Created with the deatils- name=Dawson, Mapped State ID=30, Remapped Country ID=US.
2024-04-15 11:44:52,504 - INFO - New City Created with the deatils- name=Dawson, Mapped State ID=41, Remapped Country ID=US.
2024-04-15 11:44:54,054 - INFO - New City Created with the deatils- name=Seaside, Mapped State ID=44, Remapped Country ID=US.
2024-04-15 11:44:55,278 - INFO - New City Created with the deatils- name=Dillon, Mapped State ID=47, Remapped Country ID=US.
2024-04-15 11:44:56,456 - ERROR - Error creating City nan: 422 Client Error: Unprocessable Content for url: https://classification-dev.dom-non-prod.with.digital/api/cities
2024-04-15 11:44:57,658 - ERROR - Error creating City nan: 422 Client Error: Unprocessable Content for url: https://classification-dev.dom-non-prod.with.digital/api/cities
2024-04-15 11:44:58,855 - ERROR - Error creating City nan: 422 Client Error: Unprocessable Content for url: https://classification-dev.dom-non-prod.with.digital/api/cities
2024-04-15 11:45:00,180 - ERROR - Error creating City nan: 422 Client Error: Unprocessable Content for url: https://classification-dev.dom-non-prod.with.digital/api/cities
2024-04-15 11:45:01,479 - ERROR - Error creating City nan: 422 Client Error: Unprocessable Content for url: https://classification-dev.dom-non-prod.with.digital/api/cities
2024-04-15 11:45:02,774 - INFO - New City Created with the deatils- name=Barnesville, Mapped State ID=30, Remapped Country ID=US.
2024-04-15 11:45:03,986 - INFO - New City Created with the deatils- name=Ramsey, Mapped State ID=30, Remapped Country ID=US.
2024-04-15 11:45:05,159 - ERROR - Error creating City Oak Hill: 422 Client Error: Unprocessable Content for url: https://classification-dev.dom-non-prod.with.digital/api/cities
2024-04-15 11:45:06,356 - ERROR - Error creating City Oak Hill: 422 Client Error: Unprocessable Content for url: https://classification-dev.dom-non-prod.with.digital/api/cities
2024-04-15 11:45:07,558 - ERROR - Error creating City Oak Hill: 422 Client Error: Unprocessable Content for url: https://classification-dev.dom-non-prod.with.digital/api/cities
2024-04-15 11:45:08,764 - ERROR - Error creating City nan: 422 Client Error: Unprocessable Content for url: https://classification-dev.dom-non-prod.with.digital/api/cities
2024-04-15 11:45:10,069 - INFO - New City Created with the deatils- name=Richmond Heights, Mapped State ID=32, Remapped Country ID=US.
2024-04-15 11:45:11,294 - INFO - New City Created with the deatils- name=Sheldon, Mapped State ID=32, Remapped Country ID=US.
2024-04-15 11:45:12,554 - INFO - New City Created with the deatils- name=Sheldon, Mapped State ID=41, Remapped Country ID=US.
2024-04-15 11:45:13,779 - INFO - New City Created with the deatils- name=Springville, Mapped State ID=22, Remapped Country ID=US.
2024-04-15 11:45:14,974 - INFO - New City Created with the deatils- name=Springville, Mapped State ID=51, Remapped Country ID=US.
2024-04-15 11:45:16,275 - INFO - New City Created with the deatils- name=Barnesville, Mapped State ID=42, Remapped Country ID=US.
2024-04-15 11:45:17,575 - INFO - New City Created with the deatils- name=Middletown, Mapped State ID=42, Remapped Country ID=US.
2024-04-15 11:45:18,758 - INFO - New City Created with the deatils- name=Millersburg, Mapped State ID=44, Remapped Country ID=US.
2024-04-15 11:45:19,965 - INFO - New City Created with the deatils- name=Milton, Mapped State ID=16, Remapped Country ID=US.
2024-04-15 11:45:21,181 - INFO - New City Created with the deatils- name=Saint Francis, Mapped State ID=23, Remapped Country ID=US.
2024-04-15 11:45:22,373 - INFO - New City Created with the deatils- name=Saint Francis, Mapped State ID=30, Remapped Country ID=US.
2024-04-15 11:45:23,682 - INFO - New City Created with the deatils- name=Saint Francis, Mapped State ID=56, Remapped Country ID=US.
2024-04-15 11:45:24,999 - INFO - New City Created with the deatils- name=Saint Thomas, Mapped State ID=41, Remapped Country ID=US.
2024-04-15 11:45:26,257 - INFO - New City Created with the deatils- name=Stanley, Mapped State ID=41, Remapped Country ID=US.
2024-04-15 11:45:27,448 - INFO - New City Created with the deatils- name=Stanley, Mapped State ID=56, Remapped Country ID=US.
2024-04-15 11:45:28,582 - INFO - New City Created with the deatils- name=Republic, Mapped State ID=32, Remapped Country ID=US.
2024-04-15 11:45:30,449 - INFO - New City Created with the deatils- name=Republic, Mapped State ID=54, Remapped Country ID=US.
2024-04-15 11:45:31,673 - INFO - New City Created with the deatils- name=Quitman, Mapped State ID=17, Remapped Country ID=US.
2024-04-15 11:45:32,953 - INFO - New City Created with the deatils- name=Quitman, Mapped State ID=31, Remapped Country ID=US.
2024-04-15 11:45:34,175 - INFO - New City Created with the deatils- name=Quitman, Mapped State ID=50, Remapped Country ID=US.
2024-04-15 11:45:35,376 - INFO - New City Created with the deatils- name=Paradise, Mapped State ID=50, Remapped Country ID=US.
2024-04-15 11:45:36,576 - INFO - New City Created with the deatils- name=Plainville, Mapped State ID=17, Remapped Country ID=US.
2024-04-15 11:45:37,779 - INFO - New City Created with the deatils- name=Hallsville, Mapped State ID=50, Remapped Country ID=US.
2024-04-15 11:45:38,974 - INFO - New City Created with the deatils- name=Ripon, Mapped State ID=11, Remapped Country ID=US.
2024-04-15 11:45:40,175 - INFO - New City Created with the deatils- name=Riverton, Mapped State ID=51, Remapped Country ID=US.
2024-04-15 11:45:41,380 - INFO - New City Created with the deatils- name=Linwood, Mapped State ID=23, Remapped Country ID=US.
2024-04-15 11:45:42,574 - INFO - New City Created with the deatils- name=Marion, Mapped State ID=21, Remapped Country ID=US.
2024-04-15 11:45:43,772 - INFO - New City Created with the deatils- name=Smithville, Mapped State ID=20, Remapped Country ID=US.
2024-04-15 11:45:45,069 - INFO - New City Created with the deatils- name=Linwood, Mapped State ID=31, Remapped Country ID=US.
2024-04-15 11:45:46,271 - INFO - New City Created with the deatils- name=Linwood, Mapped State ID=37, Remapped Country ID=US.
2024-04-15 11:45:47,473 - INFO - New City Created with the deatils- name=Milford, Mapped State ID=14, Remapped Country ID=US.
2024-04-15 11:45:48,674 - INFO - New City Created with the deatils- name=Longview, Mapped State ID=54, Remapped Country ID=US.
2024-04-15 11:45:51,466 - INFO - New City Created with the deatils- name=Milford, Mapped State ID=42, Remapped Country ID=US.
2024-04-15 11:45:52,670 - ERROR - Error creating City CHECKED: 422 Client Error: Unprocessable Content for url: https://classification-dev.dom-non-prod.with.digital/api/cities
2024-04-15 11:45:54,048 - INFO - New City Created with the deatils- name=Yorkville, Mapped State ID=49, Remapped Country ID=US.
2024-04-15 11:45:55,965 - INFO - New City Created with the deatils- name=Wilson, Mapped State ID=23, Remapped Country ID=US.
2024-04-15 11:45:57,188 - INFO - New City Created with the deatils- name=Wood River, Mapped State ID=34, Remapped Country ID=US.
2024-04-15 11:45:58,378 - INFO - New City Created with the deatils- name=Wilson, Mapped State ID=40, Remapped Country ID=US.
2024-04-15 11:45:59,613 - INFO - New City Created with the deatils- name=Wilson, Mapped State ID=50, Remapped Country ID=US.
2024-04-15 11:46:00,855 - ERROR - Error creating City CHECKED: 422 Client Error: Unprocessable Content for url: https://classification-dev.dom-non-prod.with.digital/api/cities
2024-04-15 11:46:02,159 - INFO - New City Created with the deatils- name=Wildwood, Mapped State ID=24, Remapped Country ID=US.
2024-04-15 11:46:03,280 - INFO - New City Created with the deatils- name=Wildwood, Mapped State ID=32, Remapped Country ID=US.
2024-04-15 11:46:04,478 - INFO - New City Created with the deatils- name=Smithville, Mapped State ID=32, Remapped Country ID=US.
2024-04-15 11:46:05,679 - INFO - New City Created with the deatils- name=Wildwood, Mapped State ID=37, Remapped Country ID=US.
2024-04-15 11:46:07,186 - INFO - New City Created with the deatils- name=Whiting, Mapped State ID=22, Remapped Country ID=US.
2024-04-15 11:46:08,381 - INFO - New City Created with the deatils- name=Whiting, Mapped State ID=23, Remapped Country ID=US.
2024-04-15 11:46:09,650 - INFO - New City Created with the deatils- name=Whitehall, Mapped State ID=29, Remapped Country ID=US.
2024-04-15 11:46:10,848 - INFO - New City Created with the deatils- name=Whitehall, Mapped State ID=42, Remapped Country ID=US.
2024-04-15 11:46:12,058 - INFO - New City Created with the deatils- name=Whitehall, Mapped State ID=56, Remapped Country ID=US.
2024-04-15 11:46:13,166 - INFO - New City Created with the deatils- name=West Union, Mapped State ID=30, Remapped Country ID=US.
2024-04-15 11:46:14,280 - ERROR - Error creating City CHECKED: 422 Client Error: Unprocessable Content for url: https://classification-dev.dom-non-prod.with.digital/api/cities
2024-04-15 11:46:15,480 - INFO - New City Created with the deatils- name=Weatherford, Mapped State ID=50, Remapped Country ID=US.
2024-04-15 11:46:16,672 - INFO - New City Created with the deatils- name=San Marcos, Mapped State ID=50, Remapped Country ID=US.
2024-04-15 11:46:17,882 - INFO - New City Created with the deatils- name=Smithville, Mapped State ID=49, Remapped Country ID=US.
2024-04-15 11:46:19,175 - INFO - New City Created with the deatils- name=Sanborn, Mapped State ID=30, Remapped Country ID=US.
2024-04-15 11:46:20,375 - INFO - New City Created with the deatils- name=Worthington, Mapped State ID=42, Remapped Country ID=US.
2024-04-15 11:46:21,583 - INFO - New City Created with the deatils- name=Wrightsville, Mapped State ID=17, Remapped Country ID=US.
2024-04-15 11:46:22,778 - INFO - New City Created with the deatils- name=Sweetwater, Mapped State ID=49, Remapped Country ID=US.
2024-04-15 11:46:23,980 - INFO - New City Created with the deatils- name=Sunbury, Mapped State ID=45, Remapped Country ID=US.
2024-04-15 11:46:25,171 - INFO - New City Created with the deatils- name=Sunbury, Mapped State ID=78, Remapped Country ID=AU.
2024-04-15 11:46:26,383 - INFO - New City Created with the deatils- name=West Liberty, Mapped State ID=22, Remapped Country ID=US.
2024-04-15 11:46:27,585 - INFO - New City Created with the deatils- name=Temple City, Mapped State ID=11, Remapped Country ID=US.
2024-04-15 11:46:28,791 - INFO - New City Created with the deatils- name=Smithville, Mapped State ID=50, Remapped Country ID=US.
2024-04-15 11:46:30,652 - INFO - New City Created with the deatils- name=Batesville, Mapped State ID=21, Remapped Country ID=US.
2024-04-15 11:46:32,472 - INFO - New City Created with the deatils- name=Batesville, Mapped State ID=31, Remapped Country ID=US.
2024-04-15 11:46:33,692 - INFO - New City Created with the deatils- name=Southington, Mapped State ID=42, Remapped Country ID=US.
2024-04-15 11:46:34,885 - INFO - New City Created with the deatils- name=Crawley, Mapped State ID=79, Remapped Country ID=AU.
2024-04-15 11:46:36,075 - INFO - New City Created with the deatils- name=Decatur, Mapped State ID=7, Remapped Country ID=US.
2024-04-15 11:46:37,280 - INFO - New City Created with the deatils- name=Decatur, Mapped State ID=10, Remapped Country ID=US.
2024-04-15 11:46:38,493 - INFO - New City Created with the deatils- name=Spirit Lake, Mapped State ID=22, Remapped Country ID=US.
2024-04-15 11:46:39,774 - INFO - New City Created with the deatils- name=Decatur, Mapped State ID=20, Remapped Country ID=US.
2024-04-15 11:46:41,071 - INFO - New City Created with the deatils- name=Decatur, Mapped State ID=21, Remapped Country ID=US.
2024-04-15 11:46:42,293 - INFO - New City Created with the deatils- name=Decatur, Mapped State ID=50, Remapped Country ID=US.
2024-04-15 11:46:43,557 - INFO - New City Created with the deatils- name=Shelby, Mapped State ID=33, Remapped Country ID=US.
2024-04-15 11:46:44,766 - INFO - New City Created with the deatils- name=Shelby, Mapped State ID=40, Remapped Country ID=US.
2024-04-15 11:46:46,051 - INFO - New City Created with the deatils- name=McMinnville, Mapped State ID=49, Remapped Country ID=US.
2024-04-15 11:46:47,183 - INFO - New City Created with the deatils- name=Shelbyville, Mapped State ID=21, Remapped Country ID=US.
2024-04-15 11:46:48,375 - INFO - New City Created with the deatils- name=Shelbyville, Mapped State ID=24, Remapped Country ID=US.
2024-04-15 11:46:49,878 - INFO - New City Created with the deatils- name=Shelbyville, Mapped State ID=29, Remapped Country ID=US.
2024-04-15 11:46:51,090 - INFO - New City Created with the deatils- name=Shelbyville, Mapped State ID=32, Remapped Country ID=US.
2024-04-15 11:46:52,279 - INFO - New City Created with the deatils- name=Shelbyville, Mapped State ID=49, Remapped Country ID=US.
2024-04-15 11:46:53,499 - INFO - New City Created with the deatils- name=Taylor, Mapped State ID=29, Remapped Country ID=US.
2024-04-15 11:46:54,760 - INFO - New City Created with the deatils- name=Taylor, Mapped State ID=41, Remapped Country ID=US.
2024-04-15 11:46:55,986 - INFO - New City Created with the deatils- name=Taylor, Mapped State ID=50, Remapped Country ID=US.
2024-04-15 11:46:57,973 - INFO - New City Created with the deatils- name=Taylor, Mapped State ID=51, Remapped Country ID=US.
2024-04-15 11:46:59,180 - INFO - New City Created with the deatils- name=Texarkana, Mapped State ID=50, Remapped Country ID=US.
2024-04-15 11:47:00,654 - INFO - New City Created with the deatils- name=Williston, Mapped State ID=49, Remapped Country ID=US.
2024-04-15 11:47:01,993 - INFO - New City Created with the deatils- name=Thomaston, Mapped State ID=50, Remapped Country ID=US.
2024-04-15 11:47:03,263 - INFO - New City Created with the deatils- name=Mossville, Mapped State ID=20, Remapped Country ID=US.
2024-04-15 11:47:04,547 - INFO - New City Created with the deatils- name=Mount Sterling, Mapped State ID=20, Remapped Country ID=US.
2024-04-15 11:47:05,783 - INFO - New City Created with the deatils- name=Saint Cloud, Mapped State ID=16, Remapped Country ID=US.
2024-04-15 11:47:07,090 - INFO - New City Created with the deatils- name=Murfreesboro, Mapped State ID=10, Remapped Country ID=US.
2024-04-15 11:47:08,291 - INFO - New City Created with the deatils- name=Munfordville, Mapped State ID=24, Remapped Country ID=US.
2024-04-15 11:47:09,496 - INFO - New City Created with the deatils- name=North Bend, Mapped State ID=44, Remapped Country ID=US.
2024-04-15 11:47:10,663 - ERROR - Error creating City CHECKED: 422 Client Error: Unprocessable Content for url: https://classification-dev.dom-non-prod.with.digital/api/cities
2024-04-15 11:47:11,871 - ERROR - Error creating City CHECKED: 422 Client Error: Unprocessable Content for url: https://classification-dev.dom-non-prod.with.digital/api/cities
2024-04-15 11:47:13,062 - ERROR - Error creating City CHECKED: 422 Client Error: Unprocessable Content for url: https://classification-dev.dom-non-prod.with.digital/api/cities
2024-04-15 11:47:14,295 - INFO - New City Created with the deatils- name=Bedford, Mapped State ID=50, Remapped Country ID=US.
2024-04-15 11:47:15,549 - INFO - New City Created with the deatils- name=Bell Plaine, Mapped State ID=23, Remapped Country ID=US.
2024-04-15 11:47:16,777 - INFO - New City Created with the deatils- name=Belleville, Mapped State ID=29, Remapped Country ID=US.
2024-04-15 11:47:17,983 - INFO - New City Created with the deatils- name=Belleville, Mapped State ID=69, Remapped Country ID=CA.
2024-04-15 11:47:19,181 - INFO - New City Created with the deatils- name=Bellwood, Mapped State ID=45, Remapped Country ID=US.
2024-04-15 11:47:20,379 - INFO - New City Created with the deatils- name=Belton, Mapped State ID=32, Remapped Country ID=US.
2024-04-15 11:47:21,576 - INFO - New City Created with the deatils- name=Belton, Mapped State ID=47, Remapped Country ID=US.
2024-04-15 11:47:22,848 - INFO - New City Created with the deatils- name=Springfield, Mapped State ID=16, Remapped Country ID=US.
2024-04-15 11:47:23,998 - INFO - New City Created with the deatils- name=Springfield, Mapped State ID=17, Remapped Country ID=US.
2024-04-15 11:47:25,237 - INFO - New City Created with the deatils- name=Springfield, Mapped State ID=20, Remapped Country ID=US.
2024-04-15 11:47:26,476 - INFO - New City Created with the deatils- name=Springfield, Mapped State ID=24, Remapped Country ID=US.
2024-04-15 11:47:27,785 - INFO - New City Created with the deatils- name=Springfield, Mapped State ID=28, Remapped Country ID=US.
2024-04-15 11:47:30,249 - INFO - New City Created with the deatils- name=Springfield, Mapped State ID=29, Remapped Country ID=US.
2024-04-15 11:47:31,573 - ERROR - Error creating City nan: 422 Client Error: Unprocessable Content for url: https://classification-dev.dom-non-prod.with.digital/api/cities
2024-04-15 11:47:32,770 - INFO - New City Created with the deatils- name=Springfield, Mapped State ID=30, Remapped Country ID=US.
2024-04-15 11:47:33,984 - INFO - New City Created with the deatils- name=Springfield, Mapped State ID=32, Remapped Country ID=US.
2024-04-15 11:47:35,201 - INFO - New City Created with the deatils- name=Springfield, Mapped State ID=34, Remapped Country ID=US.
2024-04-15 11:47:36,389 - INFO - New City Created with the deatils- name=Springfield, Mapped State ID=42, Remapped Country ID=US.
2024-04-15 11:47:37,750 - INFO - New City Created with the deatils- name=Springfield, Mapped State ID=44, Remapped Country ID=US.
2024-04-15 11:47:38,997 - INFO - New City Created with the deatils- name=Springfield, Mapped State ID=48, Remapped Country ID=US.
2024-04-15 11:47:40,262 - INFO - New City Created with the deatils- name=Springfield, Mapped State ID=49, Remapped Country ID=US.
2024-04-15 11:47:41,493 - INFO - New City Created with the deatils- name=Sullivan, Mapped State ID=50, Remapped Country ID=US.
2024-04-15 11:47:42,680 - INFO - New City Created with the deatils- name=Sulphur, Mapped State ID=43, Remapped Country ID=US.
2024-04-15 11:47:43,982 - INFO - New City Created with the deatils- name=Summit, Mapped State ID=37, Remapped Country ID=US.
2024-04-15 11:47:45,178 - INFO - New City Created with the deatils- name=Spring City, Mapped State ID=51, Remapped Country ID=US.
2024-04-15 11:47:46,372 - INFO - New City Created with the deatils- name=Superior, Mapped State ID=34, Remapped Country ID=US.
2024-04-15 11:47:47,568 - INFO - New City Created with the deatils- name=Superior, Mapped State ID=56, Remapped Country ID=US.
2024-04-15 11:47:48,780 - INFO - New City Created with the deatils- name=Truesdale, Mapped State ID=32, Remapped Country ID=US.
2024-04-15 11:47:49,983 - INFO - New City Created with the deatils- name=Umatilla, Mapped State ID=44, Remapped Country ID=US.
2024-04-15 11:47:51,172 - ERROR - Error creating City CHECKED: 422 Client Error: Unprocessable Content for url: https://classification-dev.dom-non-prod.with.digital/api/cities
2024-04-15 11:47:52,370 - ERROR - Error creating City CHECKED: 422 Client Error: Unprocessable Content for url: https://classification-dev.dom-non-prod.with.digital/api/cities
2024-04-15 11:47:53,585 - INFO - New City Created with the deatils- name=Vernon, Mapped State ID=11, Remapped Country ID=US.
2024-04-15 11:47:55,174 - INFO - New City Created with the deatils- name=Vernon, Mapped State ID=50, Remapped Country ID=US.
2024-04-15 11:47:56,375 - INFO - New City Created with the deatils- name=Vidalia, Mapped State ID=25, Remapped Country ID=US.
2024-04-15 11:47:57,599 - INFO - New City Created with the deatils- name=Union, Mapped State ID=24, Remapped Country ID=US.
